Flow report for interfaceCC
Mon Jul 01 19:58:15 2019
Quartus II 64-Bit Version 13.0.0 Build 156 04/24/2013 SJ Web Edition


---------------------
; Table of Contents ;
---------------------
  1. Legal Notice
  2. Flow Summary
  3. Flow Settings
  4. Flow Non-Default Global Settings
  5. Flow Elapsed Time
  6. Flow OS Summary
  7. Flow Log
  8. Flow Messages
  9. Flow Suppressed Messages



----------------
; Legal Notice ;
----------------
Copyright (C) 1991-2013 Altera Corporation
Your use of Altera Corporation's design tools, logic functions 
and other software and tools, and its AMPP partner logic 
functions, and any output files from any of the foregoing 
(including device programming or simulation files), and any 
associated documentation or information are expressly subject 
to the terms and conditions of the Altera Program License 
Subscription Agreement, Altera MegaCore Function License 
Agreement, or other applicable license agreement, including, 
without limitation, that your use is for the sole purpose of 
programming logic devices manufactured by Altera and sold by 
Altera or its authorized distributors.  Please refer to the 
applicable agreement for further details.



+---------------------------------------------------------------------------------+
; Flow Summary                                                                    ;
+------------------------------------+--------------------------------------------+
; Flow Status                        ; Successful - Mon Jul 01 19:58:15 2019      ;
; Quartus II 64-Bit Version          ; 13.0.0 Build 156 04/24/2013 SJ Web Edition ;
; Revision Name                      ; interfaceCC                                ;
; Top-level Entity Name              ; interfaceCC                                ;
; Family                             ; Cyclone II                                 ;
; Device                             ; EP2C35F672C7                               ;
; Timing Models                      ; Final                                      ;
; Total logic elements               ; 145 / 33,216 ( < 1 % )                     ;
;     Total combinational functions  ; 144 / 33,216 ( < 1 % )                     ;
;     Dedicated logic registers      ; 24 / 33,216 ( < 1 % )                      ;
; Total registers                    ; 24                                         ;
; Total pins                         ; 23 / 475 ( 5 % )                           ;
; Total virtual pins                 ; 0                                          ;
; Total memory bits                  ; 0 / 483,840 ( 0 % )                        ;
; Embedded Multiplier 9-bit elements ; 0 / 70 ( 0 % )                             ;
; Total PLLs                         ; 0 / 4 ( 0 % )                              ;
+------------------------------------+--------------------------------------------+


+-----------------------------------------+
; Flow Settings                           ;
+-------------------+---------------------+
; Option            ; Setting             ;
+-------------------+---------------------+
; Start date & time ; 07/01/2019 19:44:47 ;
; Main task         ; Compilation         ;
; Revision Name     ; interfaceCC         ;
+-------------------+---------------------+


+----------------------------------------------------------------------------------------------------------------------+
; Flow Non-Default Global Settings                                                                                     ;
+-------------------------------------+---------------------------------+---------------+-------------+----------------+
; Assignment Name                     ; Value                           ; Default Value ; Entity Name ; Section Id     ;
+-------------------------------------+---------------------------------+---------------+-------------+----------------+
; COMPILER_SIGNATURE_ID               ; 202883601420683.156202108709092 ; --            ; --          ; --             ;
; EDA_OUTPUT_DATA_FORMAT              ; Vhdl                            ; --            ; --          ; eda_simulation ;
; EDA_SIMULATION_TOOL                 ; ModelSim-Altera (VHDL)          ; <None>        ; --          ; --             ;
; MAX_CORE_JUNCTION_TEMP              ; 85                              ; --            ; --          ; --             ;
; MIN_CORE_JUNCTION_TEMP              ; 0                               ; --            ; --          ; --             ;
; PARTITION_COLOR                     ; 16764057                        ; --            ; --          ; Top            ;
; PARTITION_FITTER_PRESERVATION_LEVEL ; PLACEMENT_AND_ROUTING           ; --            ; --          ; Top            ;
; PARTITION_NETLIST_TYPE              ; SOURCE                          ; --            ; --          ; Top            ;
; PROJECT_OUTPUT_DIRECTORY            ; output_files                    ; --            ; --          ; --             ;
+-------------------------------------+---------------------------------+---------------+-------------+----------------+


+-------------------------------------------------------------------------------------------------------------------------------+
; Flow Elapsed Time                                                                                                             ;
+---------------------------+--------------+-------------------------+---------------------+------------------------------------+
; Module Name               ; Elapsed Time ; Average Processors Used ; Peak Virtual Memory ; Total CPU Time (on all processors) ;
+---------------------------+--------------+-------------------------+---------------------+------------------------------------+
; Analysis & Synthesis      ; 00:00:08     ; 1.0                     ; 4660 MB             ; 00:00:07                           ;
; Fitter                    ; 00:00:08     ; 1.0                     ; 4893 MB             ; 00:00:06                           ;
; Assembler                 ; 00:00:01     ; 1.0                     ; 4586 MB             ; 00:00:02                           ;
; TimeQuest Timing Analyzer ; 00:00:01     ; 1.0                     ; 4563 MB             ; 00:00:01                           ;
; EDA Netlist Writer        ; 00:00:00     ; 1.0                     ; 4529 MB             ; 00:00:00                           ;
; EDA Netlist Writer        ; 00:00:00     ; 1.0                     ; 4537 MB             ; 00:00:00                           ;
; EDA Netlist Writer        ; 00:00:01     ; 1.0                     ; 4537 MB             ; 00:00:00                           ;
; EDA Netlist Writer        ; 00:00:01     ; 1.0                     ; 4537 MB             ; 00:00:00                           ;
; EDA Netlist Writer        ; 00:00:01     ; 1.0                     ; 4537 MB             ; 00:00:01                           ;
; EDA Netlist Writer        ; 00:00:01     ; 1.0                     ; 4537 MB             ; 00:00:00                           ;
; EDA Netlist Writer        ; 00:00:01     ; 1.0                     ; 4537 MB             ; 00:00:00                           ;
; EDA Netlist Writer        ; 00:00:00     ; 1.0                     ; 4537 MB             ; 00:00:00                           ;
; EDA Netlist Writer        ; 00:00:00     ; 1.0                     ; 4537 MB             ; 00:00:00                           ;
; Total                     ; 00:00:23     ; --                      ; --                  ; 00:00:17                           ;
+---------------------------+--------------+-------------------------+---------------------+------------------------------------+


+----------------------------------------------------------------------------------------+
; Flow OS Summary                                                                        ;
+---------------------------+------------------+-----------+------------+----------------+
; Module Name               ; Machine Hostname ; OS Name   ; OS Version ; Processor type ;
+---------------------------+------------------+-----------+------------+----------------+
; Analysis & Synthesis      ; DESKTOP-T5CG60D  ; Windows 7 ; 6.2        ; x86_64         ;
; Fitter                    ; DESKTOP-T5CG60D  ; Windows 7 ; 6.2        ; x86_64         ;
; Assembler                 ; DESKTOP-T5CG60D  ; Windows 7 ; 6.2        ; x86_64         ;
; TimeQuest Timing Analyzer ; DESKTOP-T5CG60D  ; Windows 7 ; 6.2        ; x86_64         ;
; EDA Netlist Writer        ; DESKTOP-T5CG60D  ; Windows 7 ; 6.2        ; x86_64         ;
; EDA Netlist Writer        ; DESKTOP-T5CG60D  ; Windows 7 ; 6.2        ; x86_64         ;
; EDA Netlist Writer        ; DESKTOP-T5CG60D  ; Windows 7 ; 6.2        ; x86_64         ;
; EDA Netlist Writer        ; DESKTOP-T5CG60D  ; Windows 7 ; 6.2        ; x86_64         ;
; EDA Netlist Writer        ; DESKTOP-T5CG60D  ; Windows 7 ; 6.2        ; x86_64         ;
; EDA Netlist Writer        ; DESKTOP-T5CG60D  ; Windows 7 ; 6.2        ; x86_64         ;
; EDA Netlist Writer        ; DESKTOP-T5CG60D  ; Windows 7 ; 6.2        ; x86_64         ;
; EDA Netlist Writer        ; DESKTOP-T5CG60D  ; Windows 7 ; 6.2        ; x86_64         ;
; EDA Netlist Writer        ; DESKTOP-T5CG60D  ; Windows 7 ; 6.2        ; x86_64         ;
+---------------------------+------------------+-----------+------------+----------------+


------------
; Flow Log ;
------------
quartus_map --read_settings_files=on --write_settings_files=off interfaceCC -c interfaceCC
quartus_fit --read_settings_files=off --write_settings_files=off interfaceCC -c interfaceCC
quartus_asm --read_settings_files=off --write_settings_files=off interfaceCC -c interfaceCC
quartus_sta interfaceCC -c interfaceCC
quartus_eda --read_settings_files=off --write_settings_files=off interfaceCC -c interfaceCC
quartus_eda --gen_testbench --check_outputs=on --tool=modelsim_oem --format=verilog interfaceCC -c interfaceCC --vector_source="C:/Users/Ricky/Documents/UFBa/8 SEMESTRE/Lab3/Termometro/ufba_lab3/Termometro/interfaceCC/Para1101100.vwf" --testbench_file=./simulation/qsim/interfaceCC.vt
quartus_eda --functional=on --simulation=on --tool=modelsim_oem --format=verilog interfaceCC -c interfaceCC
quartus_eda --gen_testbench --check_outputs=on --tool=modelsim_oem --format=verilog interfaceCC -c interfaceCC --vector_source="C:/Users/Ricky/Documents/UFBa/8 SEMESTRE/Lab3/Termometro/ufba_lab3/Termometro/interfaceCC/Para1101100.vwf" --testbench_file=./simulation/qsim/interfaceCC.vt
quartus_eda --functional=on --simulation=on --tool=modelsim_oem --format=verilog interfaceCC -c interfaceCC
quartus_eda --gen_testbench --check_outputs=on --tool=modelsim_oem --format=verilog interfaceCC -c interfaceCC --vector_source="C:/Users/Ricky/Documents/UFBa/8 SEMESTRE/Lab3/Termometro/ufba_lab3/Termometro/interfaceCC/Para1101100.vwf" --testbench_file=./simulation/qsim/interfaceCC.vt
quartus_eda --functional=on --simulation=on --tool=modelsim_oem --format=verilog interfaceCC -c interfaceCC
quartus_eda --gen_testbench --check_outputs=on --tool=modelsim_oem --format=verilog interfaceCC -c interfaceCC --vector_source="C:/Users/Ricky/Documents/UFBa/8 SEMESTRE/Lab3/Termometro/ufba_lab3/Termometro/interfaceCC/Para1101100.vwf" --testbench_file=./simulation/qsim/interfaceCC.vt
quartus_eda --functional=on --simulation=on --tool=modelsim_oem --format=verilog interfaceCC -c interfaceCC



